<?xml version="1.0" encoding="UTF-8"?>
<!-- Generated by org.testng.reporters.JUnitReportReporter -->
<testsuite skipped="0" hostname="MY-PC" name="com.Actouch.Purchase.TestScript.Payable" tests="11" failures="0" timestamp="23 Dec 2016 09:59:07 GMT" time="723.838" errors="3">
  <testcase name="AP_Partial_Payment_Cheque_TC_4" time="0.655" classname="com.Actouch.Purchase.TestScript.Payable">
    <error type="java.lang.NullPointerException">
      <![CDATA[java.lang.NullPointerException
	at com.Actouch.Sales.generic_Lib.SO_Excellib.getExcelDat(SO_Excellib.java:56)
	at com.Actouch.Purchase.TestScript.Payable.AP_Partial_Payment_Cheque_TC_4(Payable.java:117)
	at sun.reflect.NativeMethodAccessorImpl.invoke0(Native Method)
	at sun.reflect.NativeMethodAccessorImpl.invoke(NativeMethodAccessorImpl.java:57)
	at sun.reflect.DelegatingMethodAccessorImpl.invoke(DelegatingMethodAccessorImpl.java:43)
	at java.lang.reflect.Method.invoke(Method.java:606)
	at org.testng.internal.MethodInvocationHelper.invokeMethod(MethodInvocationHelper.java:100)
	at org.testng.internal.Invoker.invokeMethod(Invoker.java:646)
	at org.testng.internal.Invoker.invokeTestMethod(Invoker.java:811)
	at org.testng.internal.Invoker.invokeTestMethods(Invoker.java:1137)
	at org.testng.internal.TestMethodWorker.invokeTestMethods(TestMethodWorker.java:129)
	at org.testng.internal.TestMethodWorker.run(TestMethodWorker.java:112)
	at org.testng.TestRunner.privateRun(TestRunner.java:753)
	at org.testng.TestRunner.run(TestRunner.java:607)
	at org.testng.SuiteRunner.runTest(SuiteRunner.java:368)
	at org.testng.SuiteRunner.runSequentially(SuiteRunner.java:363)
	at org.testng.SuiteRunner.privateRun(SuiteRunner.java:321)
	at org.testng.SuiteRunner.run(SuiteRunner.java:270)
	at org.testng.SuiteRunnerWorker.runSuite(SuiteRunnerWorker.java:52)
	at org.testng.SuiteRunnerWorker.run(SuiteRunnerWorker.java:86)
	at org.testng.TestNG.runSuitesSequentially(TestNG.java:1284)
	at org.testng.TestNG.runSuitesLocally(TestNG.java:1209)
	at org.testng.TestNG.runSuites(TestNG.java:1124)
	at org.testng.TestNG.run(TestNG.java:1096)
	at org.testng.remote.AbstractRemoteTestNG.run(AbstractRemoteTestNG.java:132)
	at org.testng.remote.RemoteTestNG.initAndRun(RemoteTestNG.java:236)
	at org.testng.remote.RemoteTestNG.main(RemoteTestNG.java:81)
]]>
    </error>
  </testcase> <!-- AP_Partial_Payment_Cheque_TC_4 -->
  <testcase name="purchaseIN_Login_TC1" time="10.713" classname="com.Actouch.Purchase.TestScript.Payable"/>
  <testcase name="AP_Disc_INR_TC_8" time="33.861" classname="com.Actouch.Purchase.TestScript.Payable">
    <error type="org.openqa.selenium.NoSuchElementException" message="Unable to locate element: {&quot;method&quot;:&quot;id&quot;,&quot;selector&quot;:&quot;poId&quot;}
Command duration or timeout: 30.52 seconds
For documentation on this error, please visit: http://seleniumhq.org/exceptions/no_such_element.html
Build info: version: &#039;2.53.1&#039;, revision: &#039;a36b8b1&#039;, time: &#039;2016-06-30 17:32:46&#039;
System info: host: &#039;MY-PC&#039;, ip: &#039;178.162.192.14&#039;, os.name: &#039;Windows 7&#039;, os.arch: &#039;x86&#039;, os.version: &#039;6.1&#039;, java.version: &#039;1.7.0_79&#039;
*** Element info: {Using=id, value=poId}
Session ID: da0d7a4d-840d-4125-b88c-85c6713754af
Driver info: org.openqa.selenium.firefox.FirefoxDriver
Capabilities [{platform=WINDOWS, acceptSslCerts=true, javascriptEnabled=true, cssSelectorsEnabled=true, databaseEnabled=true, browserName=firefox, handlesAlerts=true, nativeEvents=false, webStorageEnabled=true, rotatable=false, locationContextEnabled=true, applicationCacheEnabled=true, takesScreenshot=true, version=46.0.1}]">
      <![CDATA[org.openqa.selenium.NoSuchElementException: Unable to locate element: {"method":"id","selector":"poId"}
Command duration or timeout: 30.52 seconds
For documentation on this error, please visit: http://seleniumhq.org/exceptions/no_such_element.html
Build info: version: '2.53.1', revision: 'a36b8b1', time: '2016-06-30 17:32:46'
System info: host: 'MY-PC', ip: '178.162.192.14', os.name: 'Windows 7', os.arch: 'x86', os.version: '6.1', java.version: '1.7.0_79'
*** Element info: {Using=id, value=poId}
Session ID: da0d7a4d-840d-4125-b88c-85c6713754af
Driver info: org.openqa.selenium.firefox.FirefoxDriver
Capabilities [{platform=WINDOWS, acceptSslCerts=true, javascriptEnabled=true, cssSelectorsEnabled=true, databaseEnabled=true, browserName=firefox, handlesAlerts=true, nativeEvents=false, webStorageEnabled=true, rotatable=false, locationContextEnabled=true, applicationCacheEnabled=true, takesScreenshot=true, version=46.0.1}]
	at sun.reflect.NativeConstructorAccessorImpl.newInstance0(Native Method)
	at sun.reflect.NativeConstructorAccessorImpl.newInstance(NativeConstructorAccessorImpl.java:57)
	at sun.reflect.DelegatingConstructorAccessorImpl.newInstance(DelegatingConstructorAccessorImpl.java:45)
	at java.lang.reflect.Constructor.newInstance(Constructor.java:526)
	at org.openqa.selenium.remote.ErrorHandler.createThrowable(ErrorHandler.java:206)
	at org.openqa.selenium.remote.ErrorHandler.throwIfResponseFailed(ErrorHandler.java:158)
	at org.openqa.selenium.remote.RemoteWebDriver.execute(RemoteWebDriver.java:678)
	at org.openqa.selenium.remote.RemoteWebDriver.findElement(RemoteWebDriver.java:363)
	at org.openqa.selenium.remote.RemoteWebDriver.findElementById(RemoteWebDriver.java:413)
	at org.openqa.selenium.By$ById.findElement(By.java:218)
	at org.openqa.selenium.remote.RemoteWebDriver.findElement(RemoteWebDriver.java:355)
	at org.openqa.selenium.support.pagefactory.DefaultElementLocator.findElement(DefaultElementLocator.java:69)
	at org.openqa.selenium.support.pagefactory.internal.LocatingElementHandler.invoke(LocatingElementHandler.java:38)
	at com.sun.proxy.$Proxy5.getAttribute(Unknown Source)
	at com.Actouch.Purchase.pageObjectRepository.PaymentLaterRecvnow.PayLtrShp(PaymentLaterRecvnow.java:52)
	at com.Actouch.Purchase.TestScript.Payable.AP_Disc_INR_TC_8(Payable.java:202)
	at sun.reflect.NativeMethodAccessorImpl.invoke0(Native Method)
	at sun.reflect.NativeMethodAccessorImpl.invoke(NativeMethodAccessorImpl.java:57)
	at sun.reflect.DelegatingMethodAccessorImpl.invoke(DelegatingMethodAccessorImpl.java:43)
	at java.lang.reflect.Method.invoke(Method.java:606)
	at org.testng.internal.MethodInvocationHelper.invokeMethod(MethodInvocationHelper.java:100)
	at org.testng.internal.Invoker.invokeMethod(Invoker.java:646)
	at org.testng.internal.Invoker.invokeTestMethod(Invoker.java:811)
	at org.testng.internal.Invoker.invokeTestMethods(Invoker.java:1137)
	at org.testng.internal.TestMethodWorker.invokeTestMethods(TestMethodWorker.java:129)
	at org.testng.internal.TestMethodWorker.run(TestMethodWorker.java:112)
	at org.testng.TestRunner.privateRun(TestRunner.java:753)
	at org.testng.TestRunner.run(TestRunner.java:607)
	at org.testng.SuiteRunner.runTest(SuiteRunner.java:368)
	at org.testng.SuiteRunner.runSequentially(SuiteRunner.java:363)
	at org.testng.SuiteRunner.privateRun(SuiteRunner.java:321)
	at org.testng.SuiteRunner.run(SuiteRunner.java:270)
	at org.testng.SuiteRunnerWorker.runSuite(SuiteRunnerWorker.java:52)
	at org.testng.SuiteRunnerWorker.run(SuiteRunnerWorker.java:86)
	at org.testng.TestNG.runSuitesSequentially(TestNG.java:1284)
	at org.testng.TestNG.runSuitesLocally(TestNG.java:1209)
	at org.testng.TestNG.runSuites(TestNG.java:1124)
	at org.testng.TestNG.run(TestNG.java:1096)
	at org.testng.remote.AbstractRemoteTestNG.run(AbstractRemoteTestNG.java:132)
	at org.testng.remote.RemoteTestNG.initAndRun(RemoteTestNG.java:236)
	at org.testng.remote.RemoteTestNG.main(RemoteTestNG.java:81)
Caused by: org.openqa.selenium.NoSuchElementException: Unable to locate element: {"method":"id","selector":"poId"}
For documentation on this error, please visit: http://seleniumhq.org/exceptions/no_such_element.html
Build info: version: '2.53.1', revision: 'a36b8b1', time: '2016-06-30 17:32:46'
System info: host: 'MY-PC', ip: '178.162.192.14', os.name: 'Windows 7', os.arch: 'x86', os.version: '6.1', java.version: '1.7.0_79'
Driver info: driver.version: unknown
	at <anonymous class>.FirefoxDriver.prototype.findElementInternal_(file:///C:/Users/Me/AppData/Local/Temp/anonymous5000380012241306834webdriver-profile/extensions/fxdriver@googlecode.com/components/driver-component.js:10770)
	at <anonymous class>.fxdriver.Timer.prototype.setTimeout/<.notify(file:///C:/Users/Me/AppData/Local/Temp/anonymous5000380012241306834webdriver-profile/extensions/fxdriver@googlecode.com/components/driver-component.js:625)
	at <anonymous class>..send(http://178.162.192.70:8080/AcTouchWeb/resources/js/lib/jquery/jquery-1.10.2.min.js:6)
	at <anonymous class>..ajax(http://178.162.192.70:8080/AcTouchWeb/resources/js/lib/jquery/jquery-1.10.2.min.js:6)
	at <anonymous class>..get(http://178.162.192.70:8080/AcTouchWeb/resources/js/lib/durandal/js/plugins/http.js:1)
	at <anonymous class>.POInventory/self.setupGUIControls(http://178.162.192.70:8080/AcTouchWeb/resources/js/viewmodels/po/PurchaseOrder.js:2715)
	at <anonymous class>..activate(http://178.162.192.70:8080/AcTouchWeb/resources/js/viewmodels/po/PurchaseOrder.js:5206)
	at <anonymous class>.w(http://178.162.192.70:8080/AcTouchWeb/resources/js/lib/durandal/js/composition.js:1)
	at <anonymous class>.f.bindAndShow(http://178.162.192.70:8080/AcTouchWeb/resources/js/lib/durandal/js/composition.js:1)
	at <anonymous class>.f.executeStrategy/<(http://178.162.192.70:8080/AcTouchWeb/resources/js/lib/durandal/js/composition.js:1)
	at <anonymous class>..Deferred/r.then/</</<(http://178.162.192.70:8080/AcTouchWeb/resources/js/lib/jquery/jquery-1.10.2.min.js:4)
	at <anonymous class>.x.Callbacks/c(http://178.162.192.70:8080/AcTouchWeb/resources/js/lib/jquery/jquery-1.10.2.min.js:4)
	at <anonymous class>.x.Callbacks/p.fireWith(http://178.162.192.70:8080/AcTouchWeb/resources/js/lib/jquery/jquery-1.10.2.min.js:4)
	at <anonymous class>..Deferred/</i[o[0]]@http://178.162.192.70:8080/AcTouchWeb/resources/js/lib/jquery/jquery-1.10.2.min.js(?)
	at <anonymous class>..createView/</<(http://178.162.192.70:8080/AcTouchWeb/resources/js/lib/durandal/js/viewEngine.js:1)
	at <anonymous class>..Deferred/r.then/</</<(http://178.162.192.70:8080/AcTouchWeb/resources/js/lib/jquery/jquery-1.10.2.min.js:4)
	at <anonymous class>.x.Callbacks/c(http://178.162.192.70:8080/AcTouchWeb/resources/js/lib/jquery/jquery-1.10.2.min.js:4)
	at <anonymous class>.x.Callbacks/p.fireWith(http://178.162.192.70:8080/AcTouchWeb/resources/js/lib/jquery/jquery-1.10.2.min.js:4)
	at <anonymous class>..Deferred/</i[o[0]]@http://178.162.192.70:8080/AcTouchWeb/resources/js/lib/jquery/jquery-1.10.2.min.js(?)
	at <anonymous class>.o.acquire/</</<(http://178.162.192.70:8080/AcTouchWeb/resources/js/lib/durandal/js/system.js:1)
]]>
    </error>
  </testcase> <!-- AP_Disc_INR_TC_8 -->
  <testcase name="AP_VoucherAdjustment_TC_10" time="61.258" classname="com.Actouch.Purchase.TestScript.Payable"/>
  <testcase name="purchaseIN_payltr_recvNow_TC3" time="59.232" classname="com.Actouch.Purchase.TestScript.Payable"/>
  <testcase name="AP_Partial_Payment_Cash_TC_2" time="61.469" classname="com.Actouch.Purchase.TestScript.Payable"/>
  <testcase name="AP_Roundoff_TC_9" time="99.231" classname="com.Actouch.Purchase.TestScript.Payable"/>
  <testcase name="AP_Disc_percentage_TC_7" time="89.544" classname="com.Actouch.Purchase.TestScript.Payable"/>
  <testcase name="AP_Full_Payment_Cheque_TC_3" time="73.214" classname="com.Actouch.Purchase.TestScript.Payable">
    <error type="org.openqa.selenium.NoSuchElementException" message="Unable to locate element: {&quot;method&quot;:&quot;xpath&quot;,&quot;selector&quot;:&quot;//input[@data-bind=&#039;value: ChequeNo,hasfocus:true&#039;]&quot;}
Command duration or timeout: 30.12 seconds
For documentation on this error, please visit: http://seleniumhq.org/exceptions/no_such_element.html
Build info: version: &#039;2.53.1&#039;, revision: &#039;a36b8b1&#039;, time: &#039;2016-06-30 17:32:46&#039;
System info: host: &#039;MY-PC&#039;, ip: &#039;178.162.192.14&#039;, os.name: &#039;Windows 7&#039;, os.arch: &#039;x86&#039;, os.version: &#039;6.1&#039;, java.version: &#039;1.7.0_79&#039;
*** Element info: {Using=xpath, value=//input[@data-bind=&#039;value: ChequeNo,hasfocus:true&#039;]}
Session ID: da0d7a4d-840d-4125-b88c-85c6713754af
Driver info: org.openqa.selenium.firefox.FirefoxDriver
Capabilities [{platform=WINDOWS, acceptSslCerts=true, javascriptEnabled=true, cssSelectorsEnabled=true, databaseEnabled=true, browserName=firefox, handlesAlerts=true, nativeEvents=false, webStorageEnabled=true, rotatable=false, locationContextEnabled=true, applicationCacheEnabled=true, takesScreenshot=true, version=46.0.1}]">
      <![CDATA[org.openqa.selenium.NoSuchElementException: Unable to locate element: {"method":"xpath","selector":"//input[@data-bind='value: ChequeNo,hasfocus:true']"}
Command duration or timeout: 30.12 seconds
For documentation on this error, please visit: http://seleniumhq.org/exceptions/no_such_element.html
Build info: version: '2.53.1', revision: 'a36b8b1', time: '2016-06-30 17:32:46'
System info: host: 'MY-PC', ip: '178.162.192.14', os.name: 'Windows 7', os.arch: 'x86', os.version: '6.1', java.version: '1.7.0_79'
*** Element info: {Using=xpath, value=//input[@data-bind='value: ChequeNo,hasfocus:true']}
Session ID: da0d7a4d-840d-4125-b88c-85c6713754af
Driver info: org.openqa.selenium.firefox.FirefoxDriver
Capabilities [{platform=WINDOWS, acceptSslCerts=true, javascriptEnabled=true, cssSelectorsEnabled=true, databaseEnabled=true, browserName=firefox, handlesAlerts=true, nativeEvents=false, webStorageEnabled=true, rotatable=false, locationContextEnabled=true, applicationCacheEnabled=true, takesScreenshot=true, version=46.0.1}]
	at sun.reflect.NativeConstructorAccessorImpl.newInstance0(Native Method)
	at sun.reflect.NativeConstructorAccessorImpl.newInstance(NativeConstructorAccessorImpl.java:57)
	at sun.reflect.DelegatingConstructorAccessorImpl.newInstance(DelegatingConstructorAccessorImpl.java:45)
	at java.lang.reflect.Constructor.newInstance(Constructor.java:526)
	at org.openqa.selenium.remote.ErrorHandler.createThrowable(ErrorHandler.java:206)
	at org.openqa.selenium.remote.ErrorHandler.throwIfResponseFailed(ErrorHandler.java:158)
	at org.openqa.selenium.remote.RemoteWebDriver.execute(RemoteWebDriver.java:678)
	at org.openqa.selenium.remote.RemoteWebDriver.findElement(RemoteWebDriver.java:363)
	at org.openqa.selenium.remote.RemoteWebDriver.findElementByXPath(RemoteWebDriver.java:500)
	at org.openqa.selenium.By$ByXPath.findElement(By.java:361)
	at org.openqa.selenium.remote.RemoteWebDriver.findElement(RemoteWebDriver.java:355)
	at org.openqa.selenium.support.pagefactory.DefaultElementLocator.findElement(DefaultElementLocator.java:69)
	at org.openqa.selenium.support.pagefactory.internal.LocatingElementHandler.invoke(LocatingElementHandler.java:38)
	at com.sun.proxy.$Proxy5.sendKeys(Unknown Source)
	at com.Actouch.Purchase.pageObjectRepository.APFullChequePayment.FullCheque(APFullChequePayment.java:71)
	at com.Actouch.Purchase.TestScript.Payable.AP_Full_Payment_Cheque_TC_3(Payable.java:104)
	at sun.reflect.NativeMethodAccessorImpl.invoke0(Native Method)
	at sun.reflect.NativeMethodAccessorImpl.invoke(NativeMethodAccessorImpl.java:57)
	at sun.reflect.DelegatingMethodAccessorImpl.invoke(DelegatingMethodAccessorImpl.java:43)
	at java.lang.reflect.Method.invoke(Method.java:606)
	at org.testng.internal.MethodInvocationHelper.invokeMethod(MethodInvocationHelper.java:100)
	at org.testng.internal.Invoker.invokeMethod(Invoker.java:646)
	at org.testng.internal.Invoker.invokeTestMethod(Invoker.java:811)
	at org.testng.internal.Invoker.invokeTestMethods(Invoker.java:1137)
	at org.testng.internal.TestMethodWorker.invokeTestMethods(TestMethodWorker.java:129)
	at org.testng.internal.TestMethodWorker.run(TestMethodWorker.java:112)
	at org.testng.TestRunner.privateRun(TestRunner.java:753)
	at org.testng.TestRunner.run(TestRunner.java:607)
	at org.testng.SuiteRunner.runTest(SuiteRunner.java:368)
	at org.testng.SuiteRunner.runSequentially(SuiteRunner.java:363)
	at org.testng.SuiteRunner.privateRun(SuiteRunner.java:321)
	at org.testng.SuiteRunner.run(SuiteRunner.java:270)
	at org.testng.SuiteRunnerWorker.runSuite(SuiteRunnerWorker.java:52)
	at org.testng.SuiteRunnerWorker.run(SuiteRunnerWorker.java:86)
	at org.testng.TestNG.runSuitesSequentially(TestNG.java:1284)
	at org.testng.TestNG.runSuitesLocally(TestNG.java:1209)
	at org.testng.TestNG.runSuites(TestNG.java:1124)
	at org.testng.TestNG.run(TestNG.java:1096)
	at org.testng.remote.AbstractRemoteTestNG.run(AbstractRemoteTestNG.java:132)
	at org.testng.remote.RemoteTestNG.initAndRun(RemoteTestNG.java:236)
	at org.testng.remote.RemoteTestNG.main(RemoteTestNG.java:81)
Caused by: org.openqa.selenium.NoSuchElementException: Unable to locate element: {"method":"xpath","selector":"//input[@data-bind='value: ChequeNo,hasfocus:true']"}
For documentation on this error, please visit: http://seleniumhq.org/exceptions/no_such_element.html
Build info: version: '2.53.1', revision: 'a36b8b1', time: '2016-06-30 17:32:46'
System info: host: 'MY-PC', ip: '178.162.192.14', os.name: 'Windows 7', os.arch: 'x86', os.version: '6.1', java.version: '1.7.0_79'
Driver info: driver.version: unknown
	at <anonymous class>.FirefoxDriver.prototype.findElementInternal_(file:///C:/Users/Me/AppData/Local/Temp/anonymous5000380012241306834webdriver-profile/extensions/fxdriver@googlecode.com/components/driver-component.js:10770)
	at <anonymous class>.fxdriver.Timer.prototype.setTimeout/<.notify(file:///C:/Users/Me/AppData/Local/Temp/anonymous5000380012241306834webdriver-profile/extensions/fxdriver@googlecode.com/components/driver-component.js:625)
]]>
    </error>
  </testcase> <!-- AP_Full_Payment_Cheque_TC_3 -->
  <testcase name="AP_Adjust_Payment_Advanced_TC_5" time="63.915" classname="com.Actouch.Purchase.TestScript.Payable"/>
  <testcase name="AP_Adjust_Payment_SaleReturn_TC_6" time="170.746" classname="com.Actouch.Purchase.TestScript.Payable"/>
</testsuite> <!-- com.Actouch.Purchase.TestScript.Payable -->
