<?xml version="1.0" encoding="UTF-8"?>
<!-- Generated by org.testng.reporters.JUnitReportReporter -->
<testsuite skipped="0" hostname="MY-PC" name="com.Actouch.SalesINV.TestScript.SalesReturns" tests="15" failures="1" timestamp="08 Jun 2017 09:56:17 GMT" time="844.786" errors="0">
  <testcase name="salesIN_Login_TC_1" time="25.746" classname="com.Actouch.SalesINV.TestScript.SalesReturns"/>
  <testcase name="SR_Vldt_Customer_TC_2" time="40.882" classname="com.Actouch.SalesINV.TestScript.SalesReturns">
    <failure type="java.lang.AssertionError" message="Customer Name of searchbar veryfied==fail expected [Milan] but found []">
      <![CDATA[java.lang.AssertionError: Customer Name of searchbar veryfied==fail expected [Milan] but found []
	at org.testng.Assert.fail(Assert.java:93)
	at org.testng.Assert.failNotEquals(Assert.java:512)
	at org.testng.Assert.assertEqualsImpl(Assert.java:134)
	at org.testng.Assert.assertEquals(Assert.java:115)
	at org.testng.Assert.assertEquals(Assert.java:189)
	at com.Actouch.SalesINV.pageObjectRepository.SRValidateCustomer.CustomerValidate(SRValidateCustomer.java:46)
	at com.Actouch.SalesINV.TestScript.SalesReturns.SR_Vldt_Customer_TC_2(SalesReturns.java:63)
	at sun.reflect.NativeMethodAccessorImpl.invoke0(Native Method)
	at sun.reflect.NativeMethodAccessorImpl.invoke(NativeMethodAccessorImpl.java:57)
	at sun.reflect.DelegatingMethodAccessorImpl.invoke(DelegatingMethodAccessorImpl.java:43)
	at java.lang.reflect.Method.invoke(Method.java:606)
	at org.testng.internal.MethodInvocationHelper.invokeMethod(MethodInvocationHelper.java:108)
	at org.testng.internal.Invoker.invokeMethod(Invoker.java:661)
	at org.testng.internal.Invoker.invokeTestMethod(Invoker.java:869)
	at org.testng.internal.Invoker.invokeTestMethods(Invoker.java:1193)
	at org.testng.internal.TestMethodWorker.invokeTestMethods(TestMethodWorker.java:126)
	at org.testng.internal.TestMethodWorker.run(TestMethodWorker.java:109)
	at org.testng.TestRunner.privateRun(TestRunner.java:744)
	at org.testng.TestRunner.run(TestRunner.java:602)
	at org.testng.SuiteRunner.runTest(SuiteRunner.java:380)
	at org.testng.SuiteRunner.runSequentially(SuiteRunner.java:375)
	at org.testng.SuiteRunner.privateRun(SuiteRunner.java:340)
	at org.testng.SuiteRunner.run(SuiteRunner.java:289)
	at org.testng.SuiteRunnerWorker.runSuite(SuiteRunnerWorker.java:52)
	at org.testng.SuiteRunnerWorker.run(SuiteRunnerWorker.java:86)
	at org.testng.TestNG.runSuitesSequentially(TestNG.java:1301)
	at org.testng.TestNG.runSuitesLocally(TestNG.java:1226)
	at org.testng.TestNG.runSuites(TestNG.java:1144)
	at org.testng.TestNG.run(TestNG.java:1115)
	at org.testng.remote.AbstractRemoteTestNG.run(AbstractRemoteTestNG.java:132)
	at org.testng.remote.RemoteTestNG.initAndRun(RemoteTestNG.java:230)
	at org.testng.remote.RemoteTestNG.main(RemoteTestNG.java:76)
]]>
    </failure>
  </testcase> <!-- SR_Vldt_Customer_TC_2 -->
  <testcase name="SR_Vldt_Inv_TC_3" time="44.301" classname="com.Actouch.SalesINV.TestScript.SalesReturns"/>
  <testcase name="SR_Partial_TC_4" time="60.314" classname="com.Actouch.SalesINV.TestScript.SalesReturns"/>
  <testcase name="SR_Full_TC_5" time="56.909" classname="com.Actouch.SalesINV.TestScript.SalesReturns"/>
  <testcase name="SR_partialTax_TC_6" time="60.365" classname="com.Actouch.SalesINV.TestScript.SalesReturns"/>
  <testcase name="SR_FullTAX_TC_7" time="56.321" classname="com.Actouch.SalesINV.TestScript.SalesReturns"/>
  <testcase name="SR_CustRef_TC_8" time="74.801" classname="com.Actouch.SalesINV.TestScript.SalesReturns"/>
  <testcase name="SR_Esugam_TC_9" time="72.113" classname="com.Actouch.SalesINV.TestScript.SalesReturns"/>
  <testcase name="SR_vehicle_TC_10" time="59.464" classname="com.Actouch.SalesINV.TestScript.SalesReturns"/>
  <testcase name="SR_Cash_DisPer_TC_11" time="56.737" classname="com.Actouch.SalesINV.TestScript.SalesReturns"/>
  <testcase name="SR_Cash_DisINR_TC_12" time="58.822" classname="com.Actouch.SalesINV.TestScript.SalesReturns"/>
  <testcase name="SR_ShippingCharges_TC_13" time="59.531" classname="com.Actouch.SalesINV.TestScript.SalesReturns"/>
  <testcase name="SR_roundOff_TC_14" time="60.240" classname="com.Actouch.SalesINV.TestScript.SalesReturns"/>
  <testcase name="SR_ShippingCharges_tax_TC_15" time="58.240" classname="com.Actouch.SalesINV.TestScript.SalesReturns"/>
</testsuite> <!-- com.Actouch.SalesINV.TestScript.SalesReturns -->
