<?xml version="1.0" encoding="UTF-8"?>
<!-- Generated by org.testng.reporters.JUnitReportReporter -->
<testsuite skipped="0" hostname="MY-PC" name="com.Actouch.PurchaseSRV.TestScript.POService" tests="28" failures="0" timestamp="12 May 2017 09:05:20 GMT" time="703.675" errors="2">
  <testcase name="salesIN_Login_TC_1" time="24.542" classname="com.Actouch.PurchaseSRV.TestScript.POService"/>
  <testcase name="purchaseSRV_payltr_TC_2" time="21.822" classname="com.Actouch.PurchaseSRV.TestScript.POService"/>
  <testcase name="purchaseSRV_payltr_shpNow_TC_3" time="21.540" classname="com.Actouch.PurchaseSRV.TestScript.POService"/>
  <testcase name="purchaseSRV_payNowByChq_singlechq_TC_4" time="24.852" classname="com.Actouch.PurchaseSRV.TestScript.POService"/>
  <testcase name="purchaseSRV_payNowByChq_Multichq_TC_5" time="26.629" classname="com.Actouch.PurchaseSRV.TestScript.POService"/>
  <testcase name="purchaseSRV_payNowByPtty_TC_6" time="45.184" classname="com.Actouch.PurchaseSRV.TestScript.POService"/>
  <testcase name="purchaseSRV_payNowByCashOn_TC_7" time="23.486" classname="com.Actouch.PurchaseSRV.TestScript.POService"/>
  <testcase name="purchaseSRV_AdvbyPtty_TC_8" time="22.408" classname="com.Actouch.PurchaseSRV.TestScript.POService"/>
  <testcase name="purchaseSRV_AdvbyPtty_Shp_TC_9" time="22.718" classname="com.Actouch.PurchaseSRV.TestScript.POService"/>
  <testcase name="purchaseSRV_Advbycheque_TC_10" time="44.520" classname="com.Actouch.PurchaseSRV.TestScript.POService"/>
  <testcase name="purchaseSRV_Advbycheque_Shp_TC_11" time="28.556" classname="com.Actouch.PurchaseSRV.TestScript.POService"/>
  <testcase name="purchaseSRV_AdvbycashOn_TC_12" time="23.966" classname="com.Actouch.PurchaseSRV.TestScript.POService"/>
  <testcase name="purchaseSRV_AdvbycashOn_Shp_TC_13" time="23.687" classname="com.Actouch.PurchaseSRV.TestScript.POService"/>
  <testcase name="purchaseSRV_TDSDeduction_TC_14" time="23.177" classname="com.Actouch.PurchaseSRV.TestScript.POService"/>
  <testcase name="purchaseSRV_TDSDeduction_Dis_TC_15" time="23.593" classname="com.Actouch.PurchaseSRV.TestScript.POService"/>
  <testcase name="purchaseSRV_WithoutCategory_TC_16" time="9.437" classname="com.Actouch.PurchaseSRV.TestScript.POService"/>
  <testcase name="purchaseSRV_MultiCurrency_TC_17" time="40.662" classname="com.Actouch.PurchaseSRV.TestScript.POService">
    <error type="org.openqa.selenium.NoSuchElementException" message="Unable to locate element: {&quot;method&quot;:&quot;xpath&quot;,&quot;selector&quot;:&quot;//div[@id=&#039;crepo-formp-1&#039;]/div[3]/div[1]/div[4]/span[2]/input&quot;}
Command duration or timeout: 30.10 seconds
For documentation on this error, please visit: http://seleniumhq.org/exceptions/no_such_element.html
Build info: version: &#039;2.53.1&#039;, revision: &#039;a36b8b1cd5757287168e54b817830adce9b0158d&#039;, time: &#039;2016-06-30 19:26:09&#039;
System info: host: &#039;MY-PC&#039;, ip: &#039;178.162.192.190&#039;, os.name: &#039;Windows 7&#039;, os.arch: &#039;x86&#039;, os.version: &#039;6.1&#039;, java.version: &#039;1.7.0_79&#039;
*** Element info: {Using=xpath, value=//div[@id=&#039;crepo-formp-1&#039;]/div[3]/div[1]/div[4]/span[2]/input}
Session ID: ddcaeabd-13c4-4d96-ad9c-f755b27e4a86
Driver info: org.openqa.selenium.firefox.FirefoxDriver
Capabilities [{platform=WINDOWS, acceptSslCerts=true, javascriptEnabled=true, cssSelectorsEnabled=true, databaseEnabled=true, browserName=firefox, handlesAlerts=true, nativeEvents=false, webStorageEnabled=true, rotatable=false, locationContextEnabled=true, applicationCacheEnabled=true, takesScreenshot=true, version=46.0.1}]">
      <![CDATA[org.openqa.selenium.NoSuchElementException: Unable to locate element: {"method":"xpath","selector":"//div[@id='crepo-formp-1']/div[3]/div[1]/div[4]/span[2]/input"}
Command duration or timeout: 30.10 seconds
For documentation on this error, please visit: http://seleniumhq.org/exceptions/no_such_element.html
Build info: version: '2.53.1', revision: 'a36b8b1cd5757287168e54b817830adce9b0158d', time: '2016-06-30 19:26:09'
System info: host: 'MY-PC', ip: '178.162.192.190', os.name: 'Windows 7', os.arch: 'x86', os.version: '6.1', java.version: '1.7.0_79'
*** Element info: {Using=xpath, value=//div[@id='crepo-formp-1']/div[3]/div[1]/div[4]/span[2]/input}
Session ID: ddcaeabd-13c4-4d96-ad9c-f755b27e4a86
Driver info: org.openqa.selenium.firefox.FirefoxDriver
Capabilities [{platform=WINDOWS, acceptSslCerts=true, javascriptEnabled=true, cssSelectorsEnabled=true, databaseEnabled=true, browserName=firefox, handlesAlerts=true, nativeEvents=false, webStorageEnabled=true, rotatable=false, locationContextEnabled=true, applicationCacheEnabled=true, takesScreenshot=true, version=46.0.1}]
	at sun.reflect.NativeConstructorAccessorImpl.newInstance0(Native Method)
	at sun.reflect.NativeConstructorAccessorImpl.newInstance(NativeConstructorAccessorImpl.java:57)
	at sun.reflect.DelegatingConstructorAccessorImpl.newInstance(DelegatingConstructorAccessorImpl.java:45)
	at java.lang.reflect.Constructor.newInstance(Constructor.java:526)
	at org.openqa.selenium.remote.ErrorHandler.createThrowable(ErrorHandler.java:206)
	at org.openqa.selenium.remote.ErrorHandler.throwIfResponseFailed(ErrorHandler.java:158)
	at org.openqa.selenium.remote.RemoteWebDriver.execute(RemoteWebDriver.java:678)
	at org.openqa.selenium.remote.RemoteWebDriver.findElement(RemoteWebDriver.java:363)
	at org.openqa.selenium.remote.RemoteWebDriver.findElementByXPath(RemoteWebDriver.java:500)
	at org.openqa.selenium.By$ByXPath.findElement(By.java:361)
	at org.openqa.selenium.remote.RemoteWebDriver.findElement(RemoteWebDriver.java:355)
	at org.openqa.selenium.support.pagefactory.DefaultElementLocator.findElement(DefaultElementLocator.java:69)
	at org.openqa.selenium.support.pagefactory.internal.LocatingElementHandler.invoke(LocatingElementHandler.java:38)
	at com.sun.proxy.$Proxy5.clear(Unknown Source)
	at com.Actouch.PurchaseSRV.pageObjectRepository.POSRVMultiCurrency.payMulti(POSRVMultiCurrency.java:46)
	at com.Actouch.PurchaseSRV.TestScript.POService.purchaseSRV_MultiCurrency_TC_17(POService.java:371)
	at sun.reflect.NativeMethodAccessorImpl.invoke0(Native Method)
	at sun.reflect.NativeMethodAccessorImpl.invoke(NativeMethodAccessorImpl.java:57)
	at sun.reflect.DelegatingMethodAccessorImpl.invoke(DelegatingMethodAccessorImpl.java:43)
	at java.lang.reflect.Method.invoke(Method.java:606)
	at org.testng.internal.MethodInvocationHelper.invokeMethod(MethodInvocationHelper.java:108)
	at org.testng.internal.Invoker.invokeMethod(Invoker.java:661)
	at org.testng.internal.Invoker.invokeTestMethod(Invoker.java:869)
	at org.testng.internal.Invoker.invokeTestMethods(Invoker.java:1193)
	at org.testng.internal.TestMethodWorker.invokeTestMethods(TestMethodWorker.java:126)
	at org.testng.internal.TestMethodWorker.run(TestMethodWorker.java:109)
	at org.testng.TestRunner.privateRun(TestRunner.java:744)
	at org.testng.TestRunner.run(TestRunner.java:602)
	at org.testng.SuiteRunner.runTest(SuiteRunner.java:380)
	at org.testng.SuiteRunner.runSequentially(SuiteRunner.java:375)
	at org.testng.SuiteRunner.privateRun(SuiteRunner.java:340)
	at org.testng.SuiteRunner.run(SuiteRunner.java:289)
	at org.testng.SuiteRunnerWorker.runSuite(SuiteRunnerWorker.java:52)
	at org.testng.SuiteRunnerWorker.run(SuiteRunnerWorker.java:86)
	at org.testng.TestNG.runSuitesSequentially(TestNG.java:1301)
	at org.testng.TestNG.runSuitesLocally(TestNG.java:1226)
	at org.testng.TestNG.runSuites(TestNG.java:1144)
	at org.testng.TestNG.run(TestNG.java:1115)
	at org.testng.remote.AbstractRemoteTestNG.run(AbstractRemoteTestNG.java:132)
	at org.testng.remote.RemoteTestNG.initAndRun(RemoteTestNG.java:230)
	at org.testng.remote.RemoteTestNG.main(RemoteTestNG.java:76)
Caused by: org.openqa.selenium.NoSuchElementException: Unable to locate element: {"method":"xpath","selector":"//div[@id='crepo-formp-1']/div[3]/div[1]/div[4]/span[2]/input"}
For documentation on this error, please visit: http://seleniumhq.org/exceptions/no_such_element.html
Build info: version: '2.53.1', revision: 'a36b8b1cd5757287168e54b817830adce9b0158d', time: '2016-06-30 19:26:09'
System info: host: 'MY-PC', ip: '178.162.192.190', os.name: 'Windows 7', os.arch: 'x86', os.version: '6.1', java.version: '1.7.0_79'
Driver info: driver.version: unknown
	at <anonymous class>.FirefoxDriver.prototype.findElementInternal_(file:///C:/Users/Me/AppData/Local/Temp/anonymous4514853485244339602webdriver-profile/extensions/fxdriver@googlecode.com/components/driver-component.js:10770)
	at <anonymous class>.fxdriver.Timer.prototype.setTimeout/<.notify(file:///C:/Users/Me/AppData/Local/Temp/anonymous4514853485244339602webdriver-profile/extensions/fxdriver@googlecode.com/components/driver-component.js:625)
]]>
    </error>
  </testcase> <!-- purchaseSRV_MultiCurrency_TC_17 -->
  <testcase name="purchaseSRV_CreditTerm_TC_18" time="27.723" classname="com.Actouch.PurchaseSRV.TestScript.POService"/>
  <testcase name="purchaseSRV_DeliverMode_TC_19" time="27.086" classname="com.Actouch.PurchaseSRV.TestScript.POService"/>
  <testcase name="purchaseSRV_DisPercentage_TC_20" time="21.192" classname="com.Actouch.PurchaseSRV.TestScript.POService"/>
  <testcase name="purchaseSRV_DisINR_TC_21" time="21.083" classname="com.Actouch.PurchaseSRV.TestScript.POService"/>
  <testcase name="purchaseSRV_diffTaxwithTDS_TC_22" time="16.806" classname="com.Actouch.PurchaseSRV.TestScript.POService"/>
  <testcase name="purchaseSRV_BlankPO_TC_23" time="6.587" classname="com.Actouch.PurchaseSRV.TestScript.POService"/>
  <testcase name="purchaseSRV_BlankDET_TC_24" time="37.532" classname="com.Actouch.PurchaseSRV.TestScript.POService">
    <error type="org.openqa.selenium.NoSuchElementException" message="Unable to locate element: {&quot;method&quot;:&quot;xpath&quot;,&quot;selector&quot;:&quot;//p[contains(text(),&#039;Please Select Service Category at Line Number:1&#039;)]&quot;}
Command duration or timeout: 30.05 seconds
For documentation on this error, please visit: http://seleniumhq.org/exceptions/no_such_element.html
Build info: version: &#039;2.53.1&#039;, revision: &#039;a36b8b1cd5757287168e54b817830adce9b0158d&#039;, time: &#039;2016-06-30 19:26:09&#039;
System info: host: &#039;MY-PC&#039;, ip: &#039;178.162.192.190&#039;, os.name: &#039;Windows 7&#039;, os.arch: &#039;x86&#039;, os.version: &#039;6.1&#039;, java.version: &#039;1.7.0_79&#039;
*** Element info: {Using=xpath, value=//p[contains(text(),&#039;Please Select Service Category at Line Number:1&#039;)]}
Session ID: ddcaeabd-13c4-4d96-ad9c-f755b27e4a86
Driver info: org.openqa.selenium.firefox.FirefoxDriver
Capabilities [{platform=WINDOWS, acceptSslCerts=true, javascriptEnabled=true, cssSelectorsEnabled=true, databaseEnabled=true, browserName=firefox, handlesAlerts=true, nativeEvents=false, webStorageEnabled=true, rotatable=false, locationContextEnabled=true, applicationCacheEnabled=true, takesScreenshot=true, version=46.0.1}]">
      <![CDATA[org.openqa.selenium.NoSuchElementException: Unable to locate element: {"method":"xpath","selector":"//p[contains(text(),'Please Select Service Category at Line Number:1')]"}
Command duration or timeout: 30.05 seconds
For documentation on this error, please visit: http://seleniumhq.org/exceptions/no_such_element.html
Build info: version: '2.53.1', revision: 'a36b8b1cd5757287168e54b817830adce9b0158d', time: '2016-06-30 19:26:09'
System info: host: 'MY-PC', ip: '178.162.192.190', os.name: 'Windows 7', os.arch: 'x86', os.version: '6.1', java.version: '1.7.0_79'
*** Element info: {Using=xpath, value=//p[contains(text(),'Please Select Service Category at Line Number:1')]}
Session ID: ddcaeabd-13c4-4d96-ad9c-f755b27e4a86
Driver info: org.openqa.selenium.firefox.FirefoxDriver
Capabilities [{platform=WINDOWS, acceptSslCerts=true, javascriptEnabled=true, cssSelectorsEnabled=true, databaseEnabled=true, browserName=firefox, handlesAlerts=true, nativeEvents=false, webStorageEnabled=true, rotatable=false, locationContextEnabled=true, applicationCacheEnabled=true, takesScreenshot=true, version=46.0.1}]
	at sun.reflect.NativeConstructorAccessorImpl.newInstance0(Native Method)
	at sun.reflect.NativeConstructorAccessorImpl.newInstance(NativeConstructorAccessorImpl.java:57)
	at sun.reflect.DelegatingConstructorAccessorImpl.newInstance(DelegatingConstructorAccessorImpl.java:45)
	at java.lang.reflect.Constructor.newInstance(Constructor.java:526)
	at org.openqa.selenium.remote.ErrorHandler.createThrowable(ErrorHandler.java:206)
	at org.openqa.selenium.remote.ErrorHandler.throwIfResponseFailed(ErrorHandler.java:158)
	at org.openqa.selenium.remote.RemoteWebDriver.execute(RemoteWebDriver.java:678)
	at org.openqa.selenium.remote.RemoteWebDriver.findElement(RemoteWebDriver.java:363)
	at org.openqa.selenium.remote.RemoteWebDriver.findElementByXPath(RemoteWebDriver.java:500)
	at org.openqa.selenium.By$ByXPath.findElement(By.java:361)
	at org.openqa.selenium.remote.RemoteWebDriver.findElement(RemoteWebDriver.java:355)
	at org.openqa.selenium.support.pagefactory.DefaultElementLocator.findElement(DefaultElementLocator.java:69)
	at org.openqa.selenium.support.pagefactory.internal.LocatingElementHandler.invoke(LocatingElementHandler.java:38)
	at com.sun.proxy.$Proxy5.getText(Unknown Source)
	at com.Actouch.PurchaseSRV.pageObjectRepository.POSRVBlankDet.BlankPo(POSRVBlankDet.java:29)
	at com.Actouch.PurchaseSRV.TestScript.POService.purchaseSRV_BlankDET_TC_24(POService.java:486)
	at sun.reflect.NativeMethodAccessorImpl.invoke0(Native Method)
	at sun.reflect.NativeMethodAccessorImpl.invoke(NativeMethodAccessorImpl.java:57)
	at sun.reflect.DelegatingMethodAccessorImpl.invoke(DelegatingMethodAccessorImpl.java:43)
	at java.lang.reflect.Method.invoke(Method.java:606)
	at org.testng.internal.MethodInvocationHelper.invokeMethod(MethodInvocationHelper.java:108)
	at org.testng.internal.Invoker.invokeMethod(Invoker.java:661)
	at org.testng.internal.Invoker.invokeTestMethod(Invoker.java:869)
	at org.testng.internal.Invoker.invokeTestMethods(Invoker.java:1193)
	at org.testng.internal.TestMethodWorker.invokeTestMethods(TestMethodWorker.java:126)
	at org.testng.internal.TestMethodWorker.run(TestMethodWorker.java:109)
	at org.testng.TestRunner.privateRun(TestRunner.java:744)
	at org.testng.TestRunner.run(TestRunner.java:602)
	at org.testng.SuiteRunner.runTest(SuiteRunner.java:380)
	at org.testng.SuiteRunner.runSequentially(SuiteRunner.java:375)
	at org.testng.SuiteRunner.privateRun(SuiteRunner.java:340)
	at org.testng.SuiteRunner.run(SuiteRunner.java:289)
	at org.testng.SuiteRunnerWorker.runSuite(SuiteRunnerWorker.java:52)
	at org.testng.SuiteRunnerWorker.run(SuiteRunnerWorker.java:86)
	at org.testng.TestNG.runSuitesSequentially(TestNG.java:1301)
	at org.testng.TestNG.runSuitesLocally(TestNG.java:1226)
	at org.testng.TestNG.runSuites(TestNG.java:1144)
	at org.testng.TestNG.run(TestNG.java:1115)
	at org.testng.remote.AbstractRemoteTestNG.run(AbstractRemoteTestNG.java:132)
	at org.testng.remote.RemoteTestNG.initAndRun(RemoteTestNG.java:230)
	at org.testng.remote.RemoteTestNG.main(RemoteTestNG.java:76)
Caused by: org.openqa.selenium.NoSuchElementException: Unable to locate element: {"method":"xpath","selector":"//p[contains(text(),'Please Select Service Category at Line Number:1')]"}
For documentation on this error, please visit: http://seleniumhq.org/exceptions/no_such_element.html
Build info: version: '2.53.1', revision: 'a36b8b1cd5757287168e54b817830adce9b0158d', time: '2016-06-30 19:26:09'
System info: host: 'MY-PC', ip: '178.162.192.190', os.name: 'Windows 7', os.arch: 'x86', os.version: '6.1', java.version: '1.7.0_79'
Driver info: driver.version: unknown
	at <anonymous class>.FirefoxDriver.prototype.findElementInternal_(file:///C:/Users/Me/AppData/Local/Temp/anonymous4514853485244339602webdriver-profile/extensions/fxdriver@googlecode.com/components/driver-component.js:10770)
	at <anonymous class>.fxdriver.Timer.prototype.setTimeout/<.notify(file:///C:/Users/Me/AppData/Local/Temp/anonymous4514853485244339602webdriver-profile/extensions/fxdriver@googlecode.com/components/driver-component.js:625)
]]>
    </error>
  </testcase> <!-- purchaseSRV_BlankDET_TC_24 -->
  <testcase name="purchaseSRV_MemoLength_TC_25" time="22.094" classname="com.Actouch.PurchaseSRV.TestScript.POService"/>
  <testcase name="purchaseSRV_TCLength_TC_26" time="30.328" classname="com.Actouch.PurchaseSRV.TestScript.POService"/>
  <testcase name="purchaseSRV_Roundoff_TC_27" time="21.397" classname="com.Actouch.PurchaseSRV.TestScript.POService"/>
  <testcase name="purchaseSRV_InvoiceReference_TC_28" time="21.068" classname="com.Actouch.PurchaseSRV.TestScript.POService"/>
</testsuite> <!-- com.Actouch.PurchaseSRV.TestScript.POService -->
