<?xml version="1.0" encoding="UTF-8"?>
<!-- Generated by org.testng.reporters.JUnitReportReporter -->
<testsuite skipped="0" hostname="MY-PC" name="com.Actouch.Sales.TestSrcipt.AdvancedReceive" tests="12" failures="0" timestamp="26 Nov 2016 11:38:53 GMT" time="465.504" errors="2">
  <testcase name="AD_Discount_percentage_TC_9" time="34.346" classname="com.Actouch.Sales.TestSrcipt.AdvancedReceive"/>
  <testcase name="AD_Advanced_CashOnHand_TC_8" time="37.920" classname="com.Actouch.Sales.TestSrcipt.AdvancedReceive"/>
  <testcase name="AD_Advanced_Cheque_TC_7" time="41.021" classname="com.Actouch.Sales.TestSrcipt.AdvancedReceive"/>
  <testcase name="AD_Advanced_Memo_TC_6" time="33.053" classname="com.Actouch.Sales.TestSrcipt.AdvancedReceive"/>
  <testcase name="AD_Advanced_reference_TC_2" time="30.429" classname="com.Actouch.Sales.TestSrcipt.AdvancedReceive"/>
  <testcase name="AD_Advanced_MultiCurrency_TC_3" time="72.074" classname="com.Actouch.Sales.TestSrcipt.AdvancedReceive">
    <error type="org.openqa.selenium.NoSuchElementException" message="Unable to locate element: {&quot;method&quot;:&quot;xpath&quot;,&quot;selector&quot;:&quot;//table[@id=&#039;APTable&#039;]/tbody/tr/td[2]/a&quot;}
Command duration or timeout: 20.03 seconds
For documentation on this error, please visit: http://seleniumhq.org/exceptions/no_such_element.html
Build info: version: &#039;2.53.1&#039;, revision: &#039;a36b8b1&#039;, time: &#039;2016-06-30 17:32:46&#039;
System info: host: &#039;MY-PC&#039;, ip: &#039;178.162.192.59&#039;, os.name: &#039;Windows 7&#039;, os.arch: &#039;x86&#039;, os.version: &#039;6.1&#039;, java.version: &#039;1.7.0_79&#039;
*** Element info: {Using=xpath, value=//table[@id=&#039;APTable&#039;]/tbody/tr/td[2]/a}
Session ID: 8053272d-9e30-46fe-80f7-4a1923583286
Driver info: org.openqa.selenium.firefox.FirefoxDriver
Capabilities [{platform=WINDOWS, acceptSslCerts=true, javascriptEnabled=true, cssSelectorsEnabled=true, databaseEnabled=true, browserName=firefox, handlesAlerts=true, nativeEvents=false, webStorageEnabled=true, rotatable=false, locationContextEnabled=true, applicationCacheEnabled=true, takesScreenshot=true, version=46.0.1}]">
      <![CDATA[org.openqa.selenium.NoSuchElementException: Unable to locate element: {"method":"xpath","selector":"//table[@id='APTable']/tbody/tr/td[2]/a"}
Command duration or timeout: 20.03 seconds
For documentation on this error, please visit: http://seleniumhq.org/exceptions/no_such_element.html
Build info: version: '2.53.1', revision: 'a36b8b1', time: '2016-06-30 17:32:46'
System info: host: 'MY-PC', ip: '178.162.192.59', os.name: 'Windows 7', os.arch: 'x86', os.version: '6.1', java.version: '1.7.0_79'
*** Element info: {Using=xpath, value=//table[@id='APTable']/tbody/tr/td[2]/a}
Session ID: 8053272d-9e30-46fe-80f7-4a1923583286
Driver info: org.openqa.selenium.firefox.FirefoxDriver
Capabilities [{platform=WINDOWS, acceptSslCerts=true, javascriptEnabled=true, cssSelectorsEnabled=true, databaseEnabled=true, browserName=firefox, handlesAlerts=true, nativeEvents=false, webStorageEnabled=true, rotatable=false, locationContextEnabled=true, applicationCacheEnabled=true, takesScreenshot=true, version=46.0.1}]
	at sun.reflect.NativeConstructorAccessorImpl.newInstance0(Native Method)
	at sun.reflect.NativeConstructorAccessorImpl.newInstance(NativeConstructorAccessorImpl.java:57)
	at sun.reflect.DelegatingConstructorAccessorImpl.newInstance(DelegatingConstructorAccessorImpl.java:45)
	at java.lang.reflect.Constructor.newInstance(Constructor.java:526)
	at org.openqa.selenium.remote.ErrorHandler.createThrowable(ErrorHandler.java:206)
	at org.openqa.selenium.remote.ErrorHandler.throwIfResponseFailed(ErrorHandler.java:158)
	at org.openqa.selenium.remote.RemoteWebDriver.execute(RemoteWebDriver.java:678)
	at org.openqa.selenium.remote.RemoteWebDriver.findElement(RemoteWebDriver.java:363)
	at org.openqa.selenium.remote.RemoteWebDriver.findElementByXPath(RemoteWebDriver.java:500)
	at org.openqa.selenium.By$ByXPath.findElement(By.java:361)
	at org.openqa.selenium.remote.RemoteWebDriver.findElement(RemoteWebDriver.java:355)
	at org.openqa.selenium.support.pagefactory.DefaultElementLocator.findElement(DefaultElementLocator.java:69)
	at org.openqa.selenium.support.pagefactory.internal.LocatingElementHandler.invoke(LocatingElementHandler.java:38)
	at com.sun.proxy.$Proxy5.getText(Unknown Source)
	at com.Actouch.OtherIncom.pageObjectRepository.AD_MultiCurrency.ReceiveAdvancedCur(AD_MultiCurrency.java:100)
	at com.Actouch.Sales.TestSrcipt.AdvancedReceive.AD_Advanced_MultiCurrency_TC_3(AdvancedReceive.java:93)
	at sun.reflect.NativeMethodAccessorImpl.invoke0(Native Method)
	at sun.reflect.NativeMethodAccessorImpl.invoke(NativeMethodAccessorImpl.java:57)
	at sun.reflect.DelegatingMethodAccessorImpl.invoke(DelegatingMethodAccessorImpl.java:43)
	at java.lang.reflect.Method.invoke(Method.java:606)
	at org.testng.internal.MethodInvocationHelper.invokeMethod(MethodInvocationHelper.java:100)
	at org.testng.internal.Invoker.invokeMethod(Invoker.java:646)
	at org.testng.internal.Invoker.invokeTestMethod(Invoker.java:811)
	at org.testng.internal.Invoker.invokeTestMethods(Invoker.java:1137)
	at org.testng.internal.TestMethodWorker.invokeTestMethods(TestMethodWorker.java:129)
	at org.testng.internal.TestMethodWorker.run(TestMethodWorker.java:112)
	at org.testng.TestRunner.privateRun(TestRunner.java:753)
	at org.testng.TestRunner.run(TestRunner.java:607)
	at org.testng.SuiteRunner.runTest(SuiteRunner.java:368)
	at org.testng.SuiteRunner.runSequentially(SuiteRunner.java:363)
	at org.testng.SuiteRunner.privateRun(SuiteRunner.java:321)
	at org.testng.SuiteRunner.run(SuiteRunner.java:270)
	at org.testng.SuiteRunnerWorker.runSuite(SuiteRunnerWorker.java:52)
	at org.testng.SuiteRunnerWorker.run(SuiteRunnerWorker.java:86)
	at org.testng.TestNG.runSuitesSequentially(TestNG.java:1284)
	at org.testng.TestNG.runSuitesLocally(TestNG.java:1209)
	at org.testng.TestNG.runSuites(TestNG.java:1124)
	at org.testng.TestNG.run(TestNG.java:1096)
	at org.testng.remote.AbstractRemoteTestNG.run(AbstractRemoteTestNG.java:132)
	at org.testng.remote.RemoteTestNG.initAndRun(RemoteTestNG.java:236)
	at org.testng.remote.RemoteTestNG.main(RemoteTestNG.java:81)
Caused by: org.openqa.selenium.NoSuchElementException: Unable to locate element: {"method":"xpath","selector":"//table[@id='APTable']/tbody/tr/td[2]/a"}
For documentation on this error, please visit: http://seleniumhq.org/exceptions/no_such_element.html
Build info: version: '2.53.1', revision: 'a36b8b1', time: '2016-06-30 17:32:46'
System info: host: 'MY-PC', ip: '178.162.192.59', os.name: 'Windows 7', os.arch: 'x86', os.version: '6.1', java.version: '1.7.0_79'
Driver info: driver.version: unknown
	at <anonymous class>.FirefoxDriver.prototype.findElementInternal_(file:///C:/Users/Me/AppData/Local/Temp/anonymous4848071579551235552webdriver-profile/extensions/fxdriver@googlecode.com/components/driver-component.js:10770)
	at <anonymous class>.fxdriver.Timer.prototype.setTimeout/<.notify(file:///C:/Users/Me/AppData/Local/Temp/anonymous4848071579551235552webdriver-profile/extensions/fxdriver@googlecode.com/components/driver-component.js:625)
]]>
    </error>
  </testcase> <!-- AD_Advanced_MultiCurrency_TC_3 -->
  <testcase name="AD_Deduct_TDS_TC_4" time="37.643" classname="com.Actouch.Sales.TestSrcipt.AdvancedReceive">
    <error type="org.openqa.selenium.NoSuchElementException" message="Unable to locate element: {&quot;method&quot;:&quot;id&quot;,&quot;selector&quot;:&quot;oi_voucherId&quot;}
Command duration or timeout: 20.16 seconds
For documentation on this error, please visit: http://seleniumhq.org/exceptions/no_such_element.html
Build info: version: &#039;2.53.1&#039;, revision: &#039;a36b8b1&#039;, time: &#039;2016-06-30 17:32:46&#039;
System info: host: &#039;MY-PC&#039;, ip: &#039;178.162.192.59&#039;, os.name: &#039;Windows 7&#039;, os.arch: &#039;x86&#039;, os.version: &#039;6.1&#039;, java.version: &#039;1.7.0_79&#039;
*** Element info: {Using=id, value=oi_voucherId}
Session ID: 8053272d-9e30-46fe-80f7-4a1923583286
Driver info: org.openqa.selenium.firefox.FirefoxDriver
Capabilities [{platform=WINDOWS, acceptSslCerts=true, javascriptEnabled=true, cssSelectorsEnabled=true, databaseEnabled=true, browserName=firefox, handlesAlerts=true, nativeEvents=false, webStorageEnabled=true, rotatable=false, locationContextEnabled=true, applicationCacheEnabled=true, takesScreenshot=true, version=46.0.1}]">
      <![CDATA[org.openqa.selenium.NoSuchElementException: Unable to locate element: {"method":"id","selector":"oi_voucherId"}
Command duration or timeout: 20.16 seconds
For documentation on this error, please visit: http://seleniumhq.org/exceptions/no_such_element.html
Build info: version: '2.53.1', revision: 'a36b8b1', time: '2016-06-30 17:32:46'
System info: host: 'MY-PC', ip: '178.162.192.59', os.name: 'Windows 7', os.arch: 'x86', os.version: '6.1', java.version: '1.7.0_79'
*** Element info: {Using=id, value=oi_voucherId}
Session ID: 8053272d-9e30-46fe-80f7-4a1923583286
Driver info: org.openqa.selenium.firefox.FirefoxDriver
Capabilities [{platform=WINDOWS, acceptSslCerts=true, javascriptEnabled=true, cssSelectorsEnabled=true, databaseEnabled=true, browserName=firefox, handlesAlerts=true, nativeEvents=false, webStorageEnabled=true, rotatable=false, locationContextEnabled=true, applicationCacheEnabled=true, takesScreenshot=true, version=46.0.1}]
	at sun.reflect.NativeConstructorAccessorImpl.newInstance0(Native Method)
	at sun.reflect.NativeConstructorAccessorImpl.newInstance(NativeConstructorAccessorImpl.java:57)
	at sun.reflect.DelegatingConstructorAccessorImpl.newInstance(DelegatingConstructorAccessorImpl.java:45)
	at java.lang.reflect.Constructor.newInstance(Constructor.java:526)
	at org.openqa.selenium.remote.ErrorHandler.createThrowable(ErrorHandler.java:206)
	at org.openqa.selenium.remote.ErrorHandler.throwIfResponseFailed(ErrorHandler.java:158)
	at org.openqa.selenium.remote.RemoteWebDriver.execute(RemoteWebDriver.java:678)
	at org.openqa.selenium.remote.RemoteWebDriver.findElement(RemoteWebDriver.java:363)
	at org.openqa.selenium.remote.RemoteWebDriver.findElementById(RemoteWebDriver.java:413)
	at org.openqa.selenium.By$ById.findElement(By.java:218)
	at org.openqa.selenium.remote.RemoteWebDriver.findElement(RemoteWebDriver.java:355)
	at org.openqa.selenium.support.pagefactory.DefaultElementLocator.findElement(DefaultElementLocator.java:69)
	at org.openqa.selenium.support.pagefactory.internal.LocatingElementHandler.invoke(LocatingElementHandler.java:38)
	at com.sun.proxy.$Proxy5.getAttribute(Unknown Source)
	at com.Actouch.OtherIncom.pageObjectRepository.AD_TDSDeduct.ReceiveAdvancedTDS(AD_TDSDeduct.java:41)
	at com.Actouch.Sales.TestSrcipt.AdvancedReceive.AD_Deduct_TDS_TC_4(AdvancedReceive.java:107)
	at sun.reflect.NativeMethodAccessorImpl.invoke0(Native Method)
	at sun.reflect.NativeMethodAccessorImpl.invoke(NativeMethodAccessorImpl.java:57)
	at sun.reflect.DelegatingMethodAccessorImpl.invoke(DelegatingMethodAccessorImpl.java:43)
	at java.lang.reflect.Method.invoke(Method.java:606)
	at org.testng.internal.MethodInvocationHelper.invokeMethod(MethodInvocationHelper.java:100)
	at org.testng.internal.Invoker.invokeMethod(Invoker.java:646)
	at org.testng.internal.Invoker.invokeTestMethod(Invoker.java:811)
	at org.testng.internal.Invoker.invokeTestMethods(Invoker.java:1137)
	at org.testng.internal.TestMethodWorker.invokeTestMethods(TestMethodWorker.java:129)
	at org.testng.internal.TestMethodWorker.run(TestMethodWorker.java:112)
	at org.testng.TestRunner.privateRun(TestRunner.java:753)
	at org.testng.TestRunner.run(TestRunner.java:607)
	at org.testng.SuiteRunner.runTest(SuiteRunner.java:368)
	at org.testng.SuiteRunner.runSequentially(SuiteRunner.java:363)
	at org.testng.SuiteRunner.privateRun(SuiteRunner.java:321)
	at org.testng.SuiteRunner.run(SuiteRunner.java:270)
	at org.testng.SuiteRunnerWorker.runSuite(SuiteRunnerWorker.java:52)
	at org.testng.SuiteRunnerWorker.run(SuiteRunnerWorker.java:86)
	at org.testng.TestNG.runSuitesSequentially(TestNG.java:1284)
	at org.testng.TestNG.runSuitesLocally(TestNG.java:1209)
	at org.testng.TestNG.runSuites(TestNG.java:1124)
	at org.testng.TestNG.run(TestNG.java:1096)
	at org.testng.remote.AbstractRemoteTestNG.run(AbstractRemoteTestNG.java:132)
	at org.testng.remote.RemoteTestNG.initAndRun(RemoteTestNG.java:236)
	at org.testng.remote.RemoteTestNG.main(RemoteTestNG.java:81)
Caused by: org.openqa.selenium.NoSuchElementException: Unable to locate element: {"method":"id","selector":"oi_voucherId"}
For documentation on this error, please visit: http://seleniumhq.org/exceptions/no_such_element.html
Build info: version: '2.53.1', revision: 'a36b8b1', time: '2016-06-30 17:32:46'
System info: host: 'MY-PC', ip: '178.162.192.59', os.name: 'Windows 7', os.arch: 'x86', os.version: '6.1', java.version: '1.7.0_79'
Driver info: driver.version: unknown
	at <anonymous class>.FirefoxDriver.prototype.findElementInternal_(file:///C:/Users/Me/AppData/Local/Temp/anonymous4848071579551235552webdriver-profile/extensions/fxdriver@googlecode.com/components/driver-component.js:10770)
	at <anonymous class>.fxdriver.Timer.prototype.setTimeout/<.notify(file:///C:/Users/Me/AppData/Local/Temp/anonymous4848071579551235552webdriver-profile/extensions/fxdriver@googlecode.com/components/driver-component.js:625)
	at <anonymous class>..send(http://178.162.192.70:8080/AcTouchWeb/resources/js/lib/jquery/jquery-1.10.2.min.js:6)
	at <anonymous class>..ajax(http://178.162.192.70:8080/AcTouchWeb/resources/js/lib/jquery/jquery-1.10.2.min.js:6)
	at <anonymous class>..get(http://178.162.192.70:8080/AcTouchWeb/resources/js/lib/durandal/js/plugins/http.js:1)
	at <anonymous class>..getEntityDetails(http://178.162.192.70:8080/AcTouchWeb/resources/js/viewmodels/utils/EntyAdrsContctDetails.js:34)
	at <anonymous class>..activate(http://178.162.192.70:8080/AcTouchWeb/resources/js/viewmodels/ar/oi.js:2203)
	at <anonymous class>.i(http://178.162.192.70:8080/AcTouchWeb/resources/js/lib/durandal/js/activator.js:1)
	at <anonymous class>.o(http://178.162.192.70:8080/AcTouchWeb/resources/js/lib/durandal/js/activator.js:1)
	at <anonymous class>.f/c.activateItem/</</</<(http://178.162.192.70:8080/AcTouchWeb/resources/js/lib/durandal/js/activator.js:1)
	at <anonymous class>..Deferred/r.then/</</<(http://178.162.192.70:8080/AcTouchWeb/resources/js/lib/jquery/jquery-1.10.2.min.js:4)
	at <anonymous class>.x.Callbacks/c(http://178.162.192.70:8080/AcTouchWeb/resources/js/lib/jquery/jquery-1.10.2.min.js:4)
	at <anonymous class>.x.Callbacks/p.add(http://178.162.192.70:8080/AcTouchWeb/resources/js/lib/jquery/jquery-1.10.2.min.js:4)
	at <anonymous class>..Deferred/r.then/</<(http://178.162.192.70:8080/AcTouchWeb/resources/js/lib/jquery/jquery-1.10.2.min.js:4)
	at <anonymous class>..each(http://178.162.192.70:8080/AcTouchWeb/resources/js/lib/jquery/jquery-1.10.2.min.js:4)
	at <anonymous class>..Deferred/r.then/<(http://178.162.192.70:8080/AcTouchWeb/resources/js/lib/jquery/jquery-1.10.2.min.js:4)
	at <anonymous class>..Deferred(http://178.162.192.70:8080/AcTouchWeb/resources/js/lib/jquery/jquery-1.10.2.min.js:4)
	at <anonymous class>..Deferred/r.then(http://178.162.192.70:8080/AcTouchWeb/resources/js/lib/jquery/jquery-1.10.2.min.js:4)
	at <anonymous class>.f/c.activateItem/</</<(http://178.162.192.70:8080/AcTouchWeb/resources/js/lib/durandal/js/activator.js:1)
	at <anonymous class>..Deferred/r.then/</</<(http://178.162.192.70:8080/AcTouchWeb/resources/js/lib/jquery/jquery-1.10.2.min.js:4)
	at <anonymous class>.x.Callbacks/c(http://178.162.192.70:8080/AcTouchWeb/resources/js/lib/jquery/jquery-1.10.2.min.js:4)
	at <anonymous class>.x.Callbacks/p.add(http://178.162.192.70:8080/AcTouchWeb/resources/js/lib/jquery/jquery-1.10.2.min.js:4)
	at <anonymous class>..Deferred/r.then/</<(http://178.162.192.70:8080/AcTouchWeb/resources/js/lib/jquery/jquery-1.10.2.min.js:4)
	at <anonymous class>..each(http://178.162.192.70:8080/AcTouchWeb/resources/js/lib/jquery/jquery-1.10.2.min.js:4)
	at <anonymous class>..Deferred/r.then/<(http://178.162.192.70:8080/AcTouchWeb/resources/js/lib/jquery/jquery-1.10.2.min.js:4)
	at <anonymous class>..Deferred(http://178.162.192.70:8080/AcTouchWeb/resources/js/lib/jquery/jquery-1.10.2.min.js:4)
	at <anonymous class>..Deferred/r.then(http://178.162.192.70:8080/AcTouchWeb/resources/js/lib/jquery/jquery-1.10.2.min.js:4)
	at <anonymous class>.f/c.activateItem/</<(http://178.162.192.70:8080/AcTouchWeb/resources/js/lib/durandal/js/activator.js:1)
	at <anonymous class>..Deferred/r.then/</</<(http://178.162.192.70:8080/AcTouchWeb/resources/js/lib/jquery/jquery-1.10.2.min.js:4)
	at <anonymous class>.x.Callbacks/c(http://178.162.192.70:8080/AcTouchWeb/resources/js/lib/jquery/jquery-1.10.2.min.js:4)
	at <anonymous class>.x.Callbacks/p.add(http://178.162.192.70:8080/AcTouchWeb/resources/js/lib/jquery/jquery-1.10.2.min.js:4)
	at <anonymous class>..Deferred/r.then/</<(http://178.162.192.70:8080/AcTouchWeb/resources/js/lib/jquery/jquery-1.10.2.min.js:4)
	at <anonymous class>..each(http://178.162.192.70:8080/AcTouchWeb/resources/js/lib/jquery/jquery-1.10.2.min.js:4)
	at <anonymous class>..Deferred/r.then/<(http://178.162.192.70:8080/AcTouchWeb/resources/js/lib/jquery/jquery-1.10.2.min.js:4)
	at <anonymous class>..Deferred(http://178.162.192.70:8080/AcTouchWeb/resources/js/lib/jquery/jquery-1.10.2.min.js:4)
	at <anonymous class>..Deferred/r.then(http://178.162.192.70:8080/AcTouchWeb/resources/js/lib/jquery/jquery-1.10.2.min.js:4)
	at <anonymous class>.f/c.activateItem/<(http://178.162.192.70:8080/AcTouchWeb/resources/js/lib/durandal/js/activator.js:1)
	at <anonymous class>..Deferred(http://178.162.192.70:8080/AcTouchWeb/resources/js/lib/jquery/jquery-1.10.2.min.js:4)
	at <anonymous class>.o.defer(http://178.162.192.70:8080/AcTouchWeb/resources/js/lib/durandal/js/system.js:1)
	at <anonymous class>.f/c.activateItem(http://178.162.192.70:8080/AcTouchWeb/resources/js/lib/durandal/js/activator.js:1)
	at <anonymous class>.N(http://178.162.192.70:8080/AcTouchWeb/resources/js/lib/durandal/js/plugins/router.js:1)
	at <anonymous class>.k(http://178.162.192.70:8080/AcTouchWeb/resources/js/lib/durandal/js/plugins/router.js:1)
	at <anonymous class>.A/<(http://178.162.192.70:8080/AcTouchWeb/resources/js/lib/durandal/js/plugins/router.js:1)
	at <anonymous class>..Deferred/r.then/</</<(http://178.162.192.70:8080/AcTouchWeb/resources/js/lib/jquery/jquery-1.10.2.min.js:4)
	at <anonymous class>.x.Callbacks/c(http://178.162.192.70:8080/AcTouchWeb/resources/js/lib/jquery/jquery-1.10.2.min.js:4)
	at <anonymous class>.x.Callbacks/p.fireWith(http://178.162.192.70:8080/AcTouchWeb/resources/js/lib/jquery/jquery-1.10.2.min.js:4)
	at <anonymous class>..Deferred/</i[o[0]]@http://178.162.192.70:8080/AcTouchWeb/resources/js/lib/jquery/jquery-1.10.2.min.js(?)
	at <anonymous class>.o.acquire/</</<(http://178.162.192.70:8080/AcTouchWeb/resources/js/lib/durandal/js/system.js:1)
]]>
    </error>
  </testcase> <!-- AD_Deduct_TDS_TC_4 -->
  <testcase name="AD_Discount_INR_TC_10" time="35.601" classname="com.Actouch.Sales.TestSrcipt.AdvancedReceive"/>
  <testcase name="salesIN_Login_TC_1" time="20.131" classname="com.Actouch.Sales.TestSrcipt.AdvancedReceive"/>
  <testcase name="AD_RoundOff_TC_11" time="34.480" classname="com.Actouch.Sales.TestSrcipt.AdvancedReceive"/>
  <testcase name="AD_Line_Discount_TC_5" time="46.285" classname="com.Actouch.Sales.TestSrcipt.AdvancedReceive"/>
  <testcase name="AD_Receive_Advanced_TC_1" time="42.521" classname="com.Actouch.Sales.TestSrcipt.AdvancedReceive"/>
</testsuite> <!-- com.Actouch.Sales.TestSrcipt.AdvancedReceive -->
